\o Program:		@(#)$CDS: libManager version 6.1.7 - CAT35 05/25/2016 17:24 (sjflg005) $
\o Sub version:		sub-version  IC6.1.7 - CAT35.15s020 
\o Arguments:		-unmapped -mpssession virtuoso107673 -mpshost viterbi-scf2 
\o Working Directory:	viterbi-scf2:/home/viterbi/01/kyletsen/work_gpdk045/EE577_Final_Project
\o 64-bit offsets
\o Qt version: 		4.8.5
\o changeWorkingDir("/home/viterbi/01/kyletsen/work_gpdk045/EE577_Final_Project") unnecessary.
\o ddSetForcedLib("") unnecessary.
\o Log file is "/home/viterbi/01/kyletsen/work_gpdk045/EE577_Final_Project/libManager.log".
\o Opening libManager window.
\a nrSetWindowVisibility(cdsLibManager "show")
\o MPS service: map window
\o Library Manager customization server connected.
\a nrSetCurrentWindow(cdsLibManager)
\a nrResizeWindow(cdsLibManager list(75 7 1183 956))
\a nrSetCurrentWindow(cdsLibManager)
\a _lmgrCloseIconify("cdsLibManager" 1)
\o MPS service: shutdown
\o libManager is exiting.
\a nrSetWindowVisibility(cdsLibManager "hide")
\a exit(0)
